{"logLevel":"debug","message":"multithreading is set to false"}
{"logLevel":"debug","message":"Using reflection to scan dependencies for gauge implementations..."}
SLF4J: Failed to load class "org.slf4j.impl.StaticLoggerBinder".
SLF4J: Defaulting to no-operation (NOP) logger implementation
SLF4J: See http://www.slf4j.org/codes.html#StaticLoggerBinder for further details.
{"logLevel":"debug","message":"gauge-java took 1373milliseconds to load and scan. This should be less than 'runner_connection_timeout' config value."}
{"logLevel":"debug","message":"run 'gauge config runner_connection_timeout' and verify that it is < 1373"}
{"logLevel":"debug","message":"starting gRPC server..."}
{"logLevel":"debug","message":"started gRPC server on port 57346"}
{"logLevel":"info","message":"Listening on port:57346"}
{"logLevel":"debug","message":"Scanning packages for steps"}
{"logLevel":"debug","message":"Comparing 'tests.HomeTest.clickNearestAkbank' and 'tests.HomeTest.clickNearestAkbank'"}
{"logLevel":"debug","message":"Found Then click 'En yakın Akbank' in current project scope."}
{"logLevel":"debug","message":"Comparing 'tests.AtmTest.checkGoogleMaps' and 'tests.AtmTest.checkGoogleMaps'"}
{"logLevel":"debug","message":"Found Check Google Maps is opened for directions in current project scope."}
{"logLevel":"debug","message":"Comparing 'tests.AtmTest.clickAtmButton' and 'tests.AtmTest.clickAtmButton'"}
{"logLevel":"debug","message":"Found Click 'ATM' at the bottom of screen in current project scope."}
{"logLevel":"debug","message":"Comparing 'tests.LocationTest.checkLocation' and 'tests.LocationTest.checkLocation'"}
{"logLevel":"debug","message":"Found Check that your location is shown correctly in current project scope."}
{"logLevel":"debug","message":"Comparing 'tests.AtmTest.clickThirdAtm' and 'tests.AtmTest.clickThirdAtm'"}
{"logLevel":"debug","message":"Found Click on the third ATM option in current project scope."}
{"logLevel":"debug","message":"Comparing 'tests.AtmTest.clickMenuBar' and 'tests.AtmTest.clickMenuBar'"}
{"logLevel":"debug","message":"Found Click menu bar on upper right corner in current project scope."}
{"logLevel":"debug","message":"Comparing 'tests.HomeTest.checkTitle' and 'tests.HomeTest.checkTitle'"}
{"logLevel":"debug","message":"Found Check that {} is seen in current project scope."}
{"logLevel":"debug","message":"Comparing 'tests.AtmTest.clickDirections' and 'tests.AtmTest.clickDirections'"}
{"logLevel":"debug","message":"Found Click 'Yol Tarifi' in current project scope."}
{"logLevel":"debug","message":"Scanning packages for hooks"}
{"logLevel":"debug","message":"Scanned steps (using static parsing + reflections): "}
{"logLevel":"debug","message":"\tCheck that {} is seen : public void checkTitle(String key)"}
{"logLevel":"debug","message":"\tThen click 'En yakın Akbank' : public void clickNearestAkbank()"}
{"logLevel":"debug","message":"\tClick on the third ATM option : public void clickThirdAtm()"}
{"logLevel":"debug","message":"\tCheck Google Maps is opened for directions : public void checkGoogleMaps()"}
{"logLevel":"debug","message":"\tClick 'Yol Tarifi' : public void clickDirections()"}
{"logLevel":"debug","message":"\tClick menu bar on upper right corner : public void clickMenuBar()"}
{"logLevel":"debug","message":"\tCheck that your location is shown correctly : public void checkLocation()"}
{"logLevel":"debug","message":"\tClick 'ATM' at the bottom of screen : public void clickAtmButton()"}
Nis 21, 2021 4:07:22 ÖS io.appium.java_client.remote.AppiumCommandExecutor$1 lambda$0
INFO: Detected dialect: W3C
{"logLevel":"debug","message":"Executing 'Check that {} is seen' using 'class tests.HomeTest.checkTitle"}
{"logLevel":"debug","message":"Executing 'Then click 'En yakın Akbank'' using 'class tests.HomeTest.clickNearestAkbank"}
{"logLevel":"debug","message":"Executing 'Check that your location is shown correctly' using 'class tests.LocationTest.checkLocation"}
{"logLevel":"debug","message":"Executing 'Click 'ATM' at the bottom of screen' using 'class tests.AtmTest.clickAtmButton"}
{"logLevel":"debug","message":"Executing 'Click menu bar on upper right corner' using 'class tests.AtmTest.clickMenuBar"}
{"logLevel":"debug","message":"Executing 'Click on the third ATM option' using 'class tests.AtmTest.clickThirdAtm"}
{"logLevel":"debug","message":"Executing 'Click 'Yol Tarifi'' using 'class tests.AtmTest.clickDirections"}
{"logLevel":"debug","message":"Executing 'Check Google Maps is opened for directions' using 'class tests.AtmTest.checkGoogleMaps"}
