{"logLevel":"debug","message":"multithreading is set to false"}
{"logLevel":"debug","message":"Using reflection to scan dependencies for gauge implementations..."}
SLF4J: Failed to load class "org.slf4j.impl.StaticLoggerBinder".
SLF4J: Defaulting to no-operation (NOP) logger implementation
SLF4J: See http://www.slf4j.org/codes.html#StaticLoggerBinder for further details.
{"logLevel":"debug","message":"gauge-java took 1111milliseconds to load and scan. This should be less than 'runner_connection_timeout' config value."}
{"logLevel":"debug","message":"run 'gauge config runner_connection_timeout' and verify that it is < 1111"}
{"logLevel":"debug","message":"starting gRPC server..."}
{"logLevel":"debug","message":"started gRPC server on port 62600"}
{"logLevel":"info","message":"Listening on port:62600"}
{"logLevel":"debug","message":"Scanning packages for steps"}
{"logLevel":"debug","message":"Comparing 'tests.HomeTest.clickNearestAkbank' and 'tests.HomeTest.clickNearestAkbank'"}
{"logLevel":"debug","message":"Found Then click 'En yakın Akbank' in current project scope."}
{"logLevel":"debug","message":"Comparing 'tests.AtmTest.clickAtmButton' and 'tests.AtmTest.clickAtmButton'"}
{"logLevel":"debug","message":"Found Click 'ATM' at the bottom of screen in current project scope."}
{"logLevel":"debug","message":"Comparing 'tests.LocationTest.checkLocation' and 'tests.LocationTest.checkLocation'"}
{"logLevel":"debug","message":"Found Check that your location is shown correctly in current project scope."}
{"logLevel":"debug","message":"Comparing 'tests.HomeTest.checkTitle' and 'tests.HomeTest.checkTitle'"}
{"logLevel":"debug","message":"Found Check that {} is seen in current project scope."}
{"logLevel":"debug","message":"Scanning packages for hooks"}
{"logLevel":"debug","message":"Scanned steps (using static parsing + reflections): "}
{"logLevel":"debug","message":"\tCheck that {} is seen : public void checkTitle(String key)"}
{"logLevel":"debug","message":"\tThen click 'En yakın Akbank' : public void clickNearestAkbank()"}
{"logLevel":"debug","message":"\tCheck that your location is shown correctly : public void checkLocation()"}
{"logLevel":"debug","message":"\tClick 'ATM' at the bottom of screen : public void clickAtmButton()"}
Nis 20, 2021 11:59:37 ÖS io.appium.java_client.remote.AppiumCommandExecutor$1 lambda$0
INFO: Detected dialect: W3C
{"logLevel":"debug","message":"Executing 'Check that {} is seen' using 'class tests.HomeTest.checkTitle"}
{"logLevel":"debug","message":"Executing 'Then click 'En yakın Akbank'' using 'class tests.HomeTest.clickNearestAkbank"}
{"logLevel":"debug","message":"Executing 'Check that your location is shown correctly' using 'class tests.LocationTest.checkLocation"}
{"logLevel":"debug","message":"Executing 'Click 'ATM' at the bottom of screen' using 'class tests.AtmTest.clickAtmButton"}
